[debug] > Exec(early(addDefaultCommands), None, None)
[debug] > Exec(addDefaultCommands, None, None)
[debug] > Exec(early(initialize), None, None)
[debug] > Exec(initialize, None, None)
[debug] > Exec(early(addPluginSbtFile="""C:\Users\hp\AppData\Local\Temp\idea.sbt"""), None, None)
[debug] > Exec(addPluginSbtFile="""C:\Users\hp\AppData\Local\Temp\idea.sbt""", None, None)
[debug] > Exec(boot, None, None)
[debug] > Exec(writeSbtVersion, None, None)
[debug] > Exec(reload, None, None)
[debug] > Exec(sbtStashOnFailure, None, None)
[debug] > Exec(onFailure loadFailed, None, None)
[debug] > Exec(loadp, None, None)
[info] welcome to sbt 1.4.7 (Oracle Corporation Java 1.8.0_77)
[debug]       Load.loadUnit: plugins took 369.9217ms
[debug]       Load.loadUnit: defsScala took 0.365ms
[debug] [Loading] Scanning directory C:\Users\hp\.sbt\1.0\plugins
[debug] [Loading] Found non-root projects 
[debug] [Loading] Done in C:\Users\hp\.sbt\1.0\plugins, returning: ()
[debug] deducing auto plugins based on known facts Set(Atom(sbt.plugins.CorePlugin)) and clauses Clauses(List(Clause(Atom(sbt.plugins.JvmPlugin),Set(Atom(sbt.plugins.IvyPlugin))), Clause(Atom(sbt.ScriptedPlugin),Set(Atom(sbt.plugins.JvmPlugin))), Clause(Atom(sbt.plugins.SbtPlugin),Set(Atom(sbt.ScriptedPlugin))), Clause(Atom(sbt.plugins.SemanticdbPlugin),Set(Atom(sbt.plugins.JvmPlugin))), Clause(Atom(sbt.plugins.JUnitXmlReportPlugin),Set(Atom(sbt.plugins.JvmPlugin))), Clause(Atom(sbt.plugins.MiniDependencyTreePlugin),Set(Atom(sbt.plugins.JvmPlugin))), Clause(Atom(sbt.plugins.CorePlugin),Set(Atom(sbt.plugins.IvyPlugin))), Clause(Atom(sbt.plugins.IvyPlugin),Set(Atom(sbt.plugins.JvmPlugin))), Clause(Atom(sbt.plugins.JvmPlugin),Set(Atom(sbt.plugins.SemanticdbPlugin))), Clause(Atom(sbt.plugins.JvmPlugin),Set(Atom(sbt.plugins.JUnitXmlReportPlugin))), Clause(Atom(sbt.plugins.CorePlugin),Set(Atom(sbt.plugins.Giter8TemplatePlugin))), Clause(Atom(sbt.plugins.JvmPlugin),Set(Atom(sbt.plugins.MiniDependencyTreePlugin)))))
[debug]   :: deduced result: Matched(sbt.plugins.CorePlugin,sbt.plugins.Giter8TemplatePlugin,sbt.plugins.IvyPlugin,sbt.plugins.JvmPlugin,sbt.plugins.MiniDependencyTreePlugin,sbt.plugins.JUnitXmlReportPlugin,sbt.plugins.SemanticdbPlugin)
[debug] Plugins.deducer#function took 35.2339 ms
[debug]           Load.resolveProject(global-plugins) took 67.5198ms
[debug]         Load.loadTransitive: finalizeProject(Project(id global-plugins, base: C:\Users\hp\.sbt\1.0\plugins, plugins: List(<none>))) took 154.6065ms
[debug] [Loading] Done in C:\Users\hp\.sbt\1.0\plugins, returning: (global-plugins)
[debug]       Load.loadUnit: loadedProjectsRaw took 190.1893ms
[debug]       Load.loadUnit: cleanEvalClasses took 0.3616ms
[debug]     Load.loadUnit(file:/C:/Users/hp/.sbt/1.0/plugins/, ...) took 572.6419ms
[debug]   Load.apply: load took 908.3488ms
[debug]   Load.apply: resolveProjects took 11.4333ms
[debug]   Load.apply: finalTransforms took 95.6327ms
[debug]   Load.apply: config.delegates took 11.9398ms
[debug]   Load.apply: Def.make(settings)... took 1559.4207ms
[debug]   Load.apply: structureIndex took 133.1134ms
[debug]   Load.apply: mkStreams took 3.2356ms
[info] loading global plugins from C:\Users\hp\.sbt\1.0\plugins
[debug] Running task... Cancel: Signal, check cycles: false, forcegc: true
[debug] Load.defaultLoad until apply took 4992.1286ms
[debug]           Load.loadUnit: plugins took 27.358ms
[debug]           Load.loadUnit: defsScala took 0.0029ms
[debug] [Loading] Scanning directory C:\Users\hp\Desktop\Uni\magistrale\Scalable_and_cloud_programming\Progetto\MapReduce_Customer_Segmentation\project
[debug]             Load.loadUnit: mkEval took 6.3691ms
[debug] [Loading] Found non-root projects 
[debug] [Loading] Done in C:\Users\hp\Desktop\Uni\magistrale\Scalable_and_cloud_programming\Progetto\MapReduce_Customer_Segmentation\project, returning: ()
[debug] deducing auto plugins based on known facts Set(Atom(sbt.plugins.CorePlugin)) and clauses Clauses(List(Clause(Atom(sbt.plugins.JvmPlugin),Set(Atom(sbt.plugins.IvyPlugin))), Clause(Atom(sbt.ScriptedPlugin),Set(Atom(sbt.plugins.JvmPlugin))), Clause(Atom(sbt.plugins.SbtPlugin),Set(Atom(sbt.ScriptedPlugin))), Clause(Atom(sbt.plugins.SemanticdbPlugin),Set(Atom(sbt.plugins.JvmPlugin))), Clause(Atom(sbt.plugins.JUnitXmlReportPlugin),Set(Atom(sbt.plugins.JvmPlugin))), Clause(Atom(sbt.plugins.MiniDependencyTreePlugin),Set(Atom(sbt.plugins.JvmPlugin))), Clause(Atom(sbt.plugins.CorePlugin),Set(Atom(sbt.plugins.IvyPlugin))), Clause(Atom(sbt.plugins.IvyPlugin),Set(Atom(sbt.plugins.JvmPlugin))), Clause(Atom(sbt.plugins.JvmPlugin),Set(Atom(sbt.plugins.SemanticdbPlugin))), Clause(Atom(sbt.plugins.JvmPlugin),Set(Atom(sbt.plugins.JUnitXmlReportPlugin))), Clause(Atom(sbt.plugins.CorePlugin),Set(Atom(sbt.plugins.Giter8TemplatePlugin))), Clause(Atom(sbt.plugins.JvmPlugin),Set(Atom(sbt.plugins.MiniDependencyTreePlugin)))))
[debug]   :: deduced result: Matched(sbt.plugins.CorePlugin,sbt.plugins.Giter8TemplatePlugin,sbt.plugins.IvyPlugin,sbt.plugins.JvmPlugin,sbt.plugins.MiniDependencyTreePlugin,sbt.plugins.JUnitXmlReportPlugin,sbt.plugins.SemanticdbPlugin)
[debug] Plugins.deducer#function took 2.1759 ms
[info] loading settings for project mapreduce_customer_segmentation-build from idea.sbt ...
[debug]               Load.resolveProject(mapreduce_customer_segmentation-build) took 11.4906ms
[debug]             Load.loadTransitive: finalizeProject(Project(id mapreduce_customer_segmentation-build, base: C:\Users\hp\Desktop\Uni\magistrale\Scalable_and_cloud_programming\Progetto\MapReduce_Customer_Segmentation\project, plugins: List(<none>))) took 14.3251ms
[debug] [Loading] Done in C:\Users\hp\Desktop\Uni\magistrale\Scalable_and_cloud_programming\Progetto\MapReduce_Customer_Segmentation\project, returning: (mapreduce_customer_segmentation-build)
[debug]           Load.loadUnit: loadedProjectsRaw took 160.9223ms
[debug]           Load.loadUnit: cleanEvalClasses took 10.7744ms
[debug]         Load.loadUnit(file:/C:/Users/hp/Desktop/Uni/magistrale/Scalable_and_cloud_programming/Progetto/MapReduce_Customer_Segmentation/project/, ...) took 200.5077ms
[debug]       Load.apply: load took 203.6692ms
[debug]       Load.apply: resolveProjects took 0.1596ms
[debug]       Load.apply: finalTransforms took 38.306ms
[debug]       Load.apply: config.delegates took 0.5669ms
[debug]       Load.apply: Def.make(settings)... took 108.3506ms
[debug]       Load.apply: structureIndex took 37.9155ms
[debug]       Load.apply: mkStreams took 0.0028ms
[info] loading project definition from C:\Users\hp\Desktop\Uni\magistrale\Scalable_and_cloud_programming\Progetto\MapReduce_Customer_Segmentation\project
[debug] Running task... Cancel: Signal, check cycles: false, forcegc: true
[debug]     Load.loadUnit: plugins took 2241.6147ms
[debug]     Load.loadUnit: defsScala took 0.0036ms
[debug] [Loading] Scanning directory C:\Users\hp\Desktop\Uni\magistrale\Scalable_and_cloud_programming\Progetto\MapReduce_Customer_Segmentation
[debug]       Load.loadUnit: mkEval took 0.4403ms
[debug] [Loading] Found non-root projects 
[debug] [Loading] Done in C:\Users\hp\Desktop\Uni\magistrale\Scalable_and_cloud_programming\Progetto\MapReduce_Customer_Segmentation, returning: ()
[debug] deducing auto plugins based on known facts Set(Atom(sbt.plugins.CorePlugin)) and clauses Clauses(List(Clause(Atom(sbt.plugins.JvmPlugin),Set(Atom(sbt.plugins.IvyPlugin))), Clause(Atom(sbt.ScriptedPlugin),Set(Atom(sbt.plugins.JvmPlugin))), Clause(Atom(sbt.plugins.SbtPlugin),Set(Atom(sbt.ScriptedPlugin))), Clause(Atom(sbt.plugins.SemanticdbPlugin),Set(Atom(sbt.plugins.JvmPlugin))), Clause(Atom(sbt.plugins.JUnitXmlReportPlugin),Set(Atom(sbt.plugins.JvmPlugin))), Clause(Atom(sbt.plugins.MiniDependencyTreePlugin),Set(Atom(sbt.plugins.JvmPlugin))), Clause(Atom(org.jetbrains.sbt.StructurePlugin),Set(Atom(sbt.plugins.JvmPlugin))), Clause(Atom(org.jetbrains.sbt.IdeaShellPlugin),Set(Atom(sbt.plugins.JvmPlugin))), Clause(Atom(org.jetbrains.sbt.indices.SbtIntellijIndicesPlugin),Set(Atom(sbt.plugins.JvmPlugin))), Clause(Atom(sbt.plugins.CorePlugin),Set(Atom(sbt.plugins.IvyPlugin))), Clause(Atom(sbt.plugins.IvyPlugin),Set(Atom(sbt.plugins.JvmPlugin))), Clause(Atom(sbt.plugins.JvmPlugin),Set(Atom(sbt.plugins.SemanticdbPlugin))), Clause(Atom(sbt.plugins.JvmPlugin),Set(Atom(sbt.plugins.JUnitXmlReportPlugin))), Clause(Atom(sbt.plugins.CorePlugin),Set(Atom(sbt.plugins.Giter8TemplatePlugin))), Clause(Atom(sbt.plugins.JvmPlugin),Set(Atom(sbt.plugins.MiniDependencyTreePlugin))), Clause(Atom(sbt.plugins.JvmPlugin),Set(Atom(org.jetbrains.sbt.StructurePlugin))), Clause(Atom(sbt.plugins.JvmPlugin),Set(Atom(org.jetbrains.sbt.IdeaShellPlugin))), Clause(And(Set(Atom(sbt.plugins.CorePlugin), Atom(sbt.plugins.JvmPlugin))),Set(Atom(org.jetbrains.sbt.indices.SbtIntellijIndicesPlugin)))))
[debug]   :: deduced result: Matched(sbt.plugins.CorePlugin,sbt.plugins.Giter8TemplatePlugin,sbt.plugins.IvyPlugin,sbt.plugins.JvmPlugin,sbt.plugins.SemanticdbPlugin,org.jetbrains.sbt.indices.SbtIntellijIndicesPlugin,sbt.plugins.JUnitXmlReportPlugin,org.jetbrains.sbt.IdeaShellPlugin,org.jetbrains.sbt.StructurePlugin,sbt.plugins.MiniDependencyTreePlugin)
[debug] Plugins.deducer#function took 2.9584 ms
[info] loading settings for project mapreduce_customer_segmentation from build.sbt ...
[debug]         Load.resolveProject(mapreduce_customer_segmentation) took 31.6424ms
[debug]       Load.loadTransitive: finalizeProject(Project(id mapreduce_customer_segmentation, base: C:\Users\hp\Desktop\Uni\magistrale\Scalable_and_cloud_programming\Progetto\MapReduce_Customer_Segmentation, plugins: List(<none>))) took 36.0041ms
[debug] [Loading] Done in C:\Users\hp\Desktop\Uni\magistrale\Scalable_and_cloud_programming\Progetto\MapReduce_Customer_Segmentation, returning: (mapreduce_customer_segmentation)
[debug]     Load.loadUnit: loadedProjectsRaw took 5370.3192ms
[debug]     Load.loadUnit: cleanEvalClasses took 24.6605ms
[debug]   Load.loadUnit(file:/C:/Users/hp/Desktop/Uni/magistrale/Scalable_and_cloud_programming/Progetto/MapReduce_Customer_Segmentation/, ...) took 7637.2057ms
[debug] Load.apply: load took 7638.8623ms
[debug] Load.apply: resolveProjects took 0.1031ms
[debug] Load.apply: finalTransforms took 24.4554ms
[debug] Load.apply: config.delegates took 0.3843ms
[debug] Load.apply: Def.make(settings)... took 79.809ms
[debug] Load.apply: structureIndex took 25.4101ms
[debug] Load.apply: mkStreams took 0.0025ms
[info] set current project to MapReduce_Customer_Segmentation (in build file:/C:/Users/hp/Desktop/Uni/magistrale/Scalable_and_cloud_programming/Progetto/MapReduce_Customer_Segmentation/)
[debug] > Exec(sbtPopOnFailure, None, None)
[debug] > Exec(resumeFromFailure, None, None)
[debug] > Exec(notifyUsersAboutShell, None, None)
[debug] > Exec(iflast shell, None, None)
[debug] > Exec(; set ideaPort in Global := 63153 ; idea-shell, None, None)
[debug] > Exec(set ideaPort in Global := 63153, None, None)
[info] Defining Global / ideaPort
[info] The new value will be used by Compile / compile, Test / compile
[debug] Defining 
[debug] 	Global / ideaPort
[debug] 
[debug] The new value will be used by 
[debug] 	Compile / compile
[debug] 	Test / compile
[info] Reapplying settings...
[info] set current project to MapReduce_Customer_Segmentation (in build file:/C:/Users/hp/Desktop/Uni/magistrale/Scalable_and_cloud_programming/Progetto/MapReduce_Customer_Segmentation/)
[debug] > Exec(idea-shell, None, None)
